<?xml version="1.0" encoding="UTF-8"?>
<!-- Generated by org.testng.reporters.JUnitXMLReporter -->
<testsuite ignored="0" hostname="BWIT0222" failures="0" tests="7" name="Test" time="268.764" errors="0" timestamp="2026-08-14T15:47:12 IST">
  <testcase classname="Test.EndToEndPurchaseTest" name="testStep1_ValidateHomepageLoading" time="2.697"/>
  <testcase classname="Test.EndToEndPurchaseTest" name="testStep2_UserLogin" time="28.558"/>
  <testcase classname="Test.EndToEndPurchaseTest" name="testStep3_SearchProduct" time="31.725"/>
  <testcase classname="Test.EndToEndPurchaseTest" name="testStep4_AddProductToCart" time="35.674"/>
  <testcase classname="Test.EndToEndPurchaseTest" name="testStep5_ValidateCart" time="36.88"/>
  <testcase classname="Test.EndToEndPurchaseTest" name="testStep6_QuantityAndPromoCode" time="45.021"/>
  <testcase classname="Test.EndToEndPurchaseTest" name="testStep7_CheckoutPageValidation" time="39.799"/>
</testsuite> <!-- Test -->
