<?xml version="1.0" encoding="UTF-8"?>
<!-- Generated by org.testng.reporters.JUnitReportReporter -->
<testsuite hostname="BWIT0222" failures="0" tests="12" name="Test.TestSearch" time="233.232" errors="0" timestamp="2026-08-13T14:28:54 IST" skipped="0">
  <testcase classname="Test.TestSearch" name="DiscontinuedProductName" time="20.992"/>
  <testcase classname="Test.TestSearch" name="SpecialCharacterProductName" time="21.933"/>
  <testcase classname="Test.TestSearch" name="UpperCaseProductName" time="16.296"/>
  <testcase classname="Test.TestSearch" name="DiscontinuedProductSku" time="16.771"/>
  <testcase classname="Test.TestSearch" name="SKUNumber" time="16.650"/>
  <testcase classname="Test.TestSearch" name="ValidProductName" time="21.016"/>
  <testcase classname="Test.TestSearch" name="PartialProductName" time="20.814"/>
  <testcase classname="Test.TestSearch" name="InvalidProductName" time="21.143"/>
  <testcase classname="Test.TestSearch" name="MixcaseProductName" time="22.979"/>
  <testcase classname="Test.TestSearch" name="LowerCaseProductName" time="16.278"/>
  <testcase classname="Test.TestSearch" name="ExactProductName" time="21.516"/>
  <testcase classname="Test.TestSearch" name="BrandName" time="16.844"/>
</testsuite> <!-- Test.TestSearch -->
